Assembler report for fifo_mst_top
Wed Oct 21 13:25:18 2015
Quartus II 64-Bit Version 14.1.0 Build 186 12/03/2014 SJ Web Edition


---------------------
; Table of Contents ;
---------------------
  1. Legal Notice
  2. Assembler Summary
  3. Assembler Settings
  4. Assembler Generated Files
  5. Assembler Device Options: C:/_Samuel_work/Project/FT600/Released Files/MP_Release/UMFT60X-2015XXXX-D3XX Maintenance Release 002/FIFO Master_Altera_Cyclone V GX_C5G/MC600_32bits_DataStreamer/AL_MC600/fifo_mst_top.sof
  6. Assembler Messages



----------------
; Legal Notice ;
----------------
Copyright (C) 1991-2014 Altera Corporation. All rights reserved.
Your use of Altera Corporation's design tools, logic functions 
and other software and tools, and its AMPP partner logic 
functions, and any output files from any of the foregoing 
(including device programming or simulation files), and any 
associated documentation or information are expressly subject 
to the terms and conditions of the Altera Program License 
Subscription Agreement, the Altera Quartus II License Agreement,
the Altera MegaCore Function License Agreement, or other 
applicable license agreement, including, without limitation, 
that your use is for the sole purpose of programming logic 
devices manufactured by Altera and sold by Altera or its 
authorized distributors.  Please refer to the applicable 
agreement for further details.



+---------------------------------------------------------------+
; Assembler Summary                                             ;
+-----------------------+---------------------------------------+
; Assembler Status      ; Successful - Wed Oct 21 13:25:18 2015 ;
; Revision Name         ; fifo_mst_top                          ;
; Top-level Entity Name ; fifo_mst_top                          ;
; Family                ; Cyclone V                             ;
; Device                ; 5CGXFC5C6F27C6                        ;
+-----------------------+---------------------------------------+


+----------------------------------+
; Assembler Settings               ;
+--------+---------+---------------+
; Option ; Setting ; Default Value ;
+--------+---------+---------------+


+-----------------------------------------------------------------------------------------------------------------------------------------------------------------------------------------------+
; Assembler Generated Files                                                                                                                                                                     ;
+-----------------------------------------------------------------------------------------------------------------------------------------------------------------------------------------------+
; File Name                                                                                                                                                                                     ;
+-----------------------------------------------------------------------------------------------------------------------------------------------------------------------------------------------+
; C:/_Samuel_work/Project/FT600/Released Files/MP_Release/UMFT60X-2015XXXX-D3XX Maintenance Release 002/FIFO Master_Altera_Cyclone V GX_C5G/MC600_32bits_DataStreamer/AL_MC600/fifo_mst_top.sof ;
+-----------------------------------------------------------------------------------------------------------------------------------------------------------------------------------------------+


+-------------------------------------------------------------------------------------------------------------------------------------------------------------------------------------------------------------------------+
; Assembler Device Options: C:/_Samuel_work/Project/FT600/Released Files/MP_Release/UMFT60X-2015XXXX-D3XX Maintenance Release 002/FIFO Master_Altera_Cyclone V GX_C5G/MC600_32bits_DataStreamer/AL_MC600/fifo_mst_top.sof ;
+----------------+--------------------------------------------------------------------------------------------------------------------------------------------------------------------------------------------------------+
; Option         ; Setting                                                                                                                                                                                                ;
+----------------+--------------------------------------------------------------------------------------------------------------------------------------------------------------------------------------------------------+
; Device         ; 5CGXFC5C6F27C6                                                                                                                                                                                         ;
; JTAG usercode  ; 0x00CD6A74                                                                                                                                                                                             ;
; Checksum       ; 0x00CD6A74                                                                                                                                                                                             ;
+----------------+--------------------------------------------------------------------------------------------------------------------------------------------------------------------------------------------------------+


+--------------------+
; Assembler Messages ;
+--------------------+
Info: *******************************************************************
Info: Running Quartus II 64-Bit Assembler
    Info: Version 14.1.0 Build 186 12/03/2014 SJ Web Edition
    Info: Processing started: Wed Oct 21 13:25:08 2015
Info: Command: quartus_asm --read_settings_files=off --write_settings_files=off AL_MC600 -c fifo_mst_top
Info (115030): Assembler is generating device programming files
Info: Quartus II 64-Bit Assembler was successful. 0 errors, 0 warnings
    Info: Peak virtual memory: 690 megabytes
    Info: Processing ended: Wed Oct 21 13:25:18 2015
    Info: Elapsed time: 00:00:10
    Info: Total CPU time (on all processors): 00:00:09


