Flow report for mst_bus
Wed Mar  5 16:42:14 2025
Quartus Prime Version 23.1std.1 Build 993 05/14/2024 SC Lite Edition


---------------------
; Table of Contents ;
---------------------
  1. Legal Notice
  2. Flow Summary
  3. Flow Settings
  4. Flow Non-Default Global Settings
  5. Flow Elapsed Time
  6. Flow OS Summary
  7. Flow Log
  8. Flow Messages
  9. Flow Suppressed Messages



----------------
; Legal Notice ;
----------------
Copyright (C) 2024  Intel Corporation. All rights reserved.
Your use of Intel Corporation's design tools, logic functions 
and other software and tools, and any partner logic 
functions, and any output files from any of the foregoing 
(including device programming or simulation files), and any 
associated documentation or information are expressly subject 
to the terms and conditions of the Intel Program License 
Subscription Agreement, the Intel Quartus Prime License Agreement,
the Intel FPGA IP License Agreement, or other applicable license
agreement, including, without limitation, that your use is for
the sole purpose of programming logic devices manufactured by
Intel and sold by Intel or its authorized distributors.  Please
refer to the applicable agreement for further details, at
https://fpgasoftware.intel.com/eula.



+----------------------------------------------------------------------------------+
; Flow Summary                                                                     ;
+---------------------------------+------------------------------------------------+
; Flow Status                     ; Successful - Wed Mar  5 16:41:59 2025          ;
; Quartus Prime Version           ; 23.1std.1 Build 993 05/14/2024 SC Lite Edition ;
; Revision Name                   ; mst_bus                                        ;
; Top-level Entity Name           ; mst_fifo_top                                   ;
; Family                          ; Cyclone V                                      ;
; Device                          ; 5CGXFC5C6F27C6                                 ;
; Timing Models                   ; Final                                          ;
; Logic utilization (in ALMs)     ; 895 / 29,080 ( 3 % )                           ;
; Total registers                 ; 1419                                           ;
; Total pins                      ; 59 / 364 ( 16 % )                              ;
; Total virtual pins              ; 0                                              ;
; Total block memory bits         ; 589,824 / 4,567,040 ( 13 % )                   ;
; Total DSP Blocks                ; 0 / 150 ( 0 % )                                ;
; Total HSSI RX PCSs              ; 0 / 6 ( 0 % )                                  ;
; Total HSSI PMA RX Deserializers ; 0 / 6 ( 0 % )                                  ;
; Total HSSI TX PCSs              ; 0 / 6 ( 0 % )                                  ;
; Total HSSI PMA TX Serializers   ; 0 / 6 ( 0 % )                                  ;
; Total PLLs                      ; 0 / 12 ( 0 % )                                 ;
; Total DLLs                      ; 0 / 4 ( 0 % )                                  ;
+---------------------------------+------------------------------------------------+


+-----------------------------------------+
; Flow Settings                           ;
+-------------------+---------------------+
; Option            ; Setting             ;
+-------------------+---------------------+
; Start date & time ; 03/05/2025 16:38:13 ;
; Main task         ; Compilation         ;
; Revision Name     ; mst_bus             ;
+-------------------+---------------------+


+--------------------------------------------------------------------------------------------------------------------------------+
; Flow Non-Default Global Settings                                                                                               ;
+--------------------------------------+----------------------------------------+--------------------+--------------+------------+
; Assignment Name                      ; Value                                  ; Default Value      ; Entity Name  ; Section Id ;
+--------------------------------------+----------------------------------------+--------------------+--------------+------------+
; AUTO_DELAY_CHAINS                    ; Off                                    ; On                 ; --           ; --         ;
; COMPILER_SIGNATURE_ID                ; 168119036044020.174118909322328        ; --                 ; --           ; --         ;
; ENABLE_SIGNALTAP                     ; Off                                    ; --                 ; --           ; --         ;
; FITTER_EFFORT                        ; Standard Fit                           ; Auto Fit           ; --           ; --         ;
; FIT_ONLY_ONE_ATTEMPT                 ; -- (Not supported for targeted family) ; Off                ; --           ; --         ;
; MAX_CORE_JUNCTION_TEMP               ; 85                                     ; --                 ; --           ; --         ;
; MIN_CORE_JUNCTION_TEMP               ; 0                                      ; --                 ; --           ; --         ;
; OPTIMIZATION_MODE                    ; High Performance Effort                ; Balanced           ; --           ; --         ;
; OPTIMIZE_POWER_DURING_FITTING        ; Extra effort                           ; Normal compilation ; --           ; --         ;
; PARTITION_COLOR                      ; -- (Not supported for targeted family) ; --                 ; mst_fifo_top ; Top        ;
; PARTITION_FITTER_PRESERVATION_LEVEL  ; -- (Not supported for targeted family) ; --                 ; mst_fifo_top ; Top        ;
; PARTITION_NETLIST_TYPE               ; -- (Not supported for targeted family) ; --                 ; mst_fifo_top ; Top        ;
; PHYSICAL_SYNTHESIS_COMBO_LOGIC       ; On                                     ; Off                ; --           ; --         ;
; PHYSICAL_SYNTHESIS_REGISTER_RETIMING ; On                                     ; Off                ; --           ; --         ;
; PLACEMENT_EFFORT_MULTIPLIER          ; 4.0                                    ; 1.0                ; --           ; --         ;
; POWER_BOARD_THERMAL_MODEL            ; None (CONSERVATIVE)                    ; --                 ; --           ; --         ;
; POWER_PRESET_COOLING_SOLUTION        ; 23 MM HEAT SINK WITH 200 LFPM AIRFLOW  ; --                 ; --           ; --         ;
; PROJECT_OUTPUT_DIRECTORY             ; output_files                           ; --                 ; --           ; --         ;
; ROUTER_TIMING_OPTIMIZATION_LEVEL     ; MAXIMUM                                ; Normal             ; --           ; --         ;
; SEED                                 ; 3                                      ; 1                  ; --           ; --         ;
; TIMING_ANALYZER_DO_REPORT_TIMING     ; On                                     ; Off                ; --           ; --         ;
; TOP_LEVEL_ENTITY                     ; mst_fifo_top                           ; mst_bus            ; --           ; --         ;
; USE_SIGNALTAP_FILE                   ; stp1_32k.stp                           ; --                 ; --           ; --         ;
; VERILOG_MACRO                        ; ALTERA_FPGA=1                          ; --                 ; --           ; --         ;
+--------------------------------------+----------------------------------------+--------------------+--------------+------------+


+--------------------------------------------------------------------------------------------------------------------------+
; Flow Elapsed Time                                                                                                        ;
+----------------------+--------------+-------------------------+---------------------+------------------------------------+
; Module Name          ; Elapsed Time ; Average Processors Used ; Peak Virtual Memory ; Total CPU Time (on all processors) ;
+----------------------+--------------+-------------------------+---------------------+------------------------------------+
; Analysis & Synthesis ; 00:00:10     ; 1.0                     ; 4881 MB             ; 00:00:21                           ;
; Fitter               ; 00:03:28     ; 1.0                     ; 6969 MB             ; 00:11:28                           ;
; Assembler            ; 00:00:06     ; 1.0                     ; 5121 MB             ; 00:00:06                           ;
; Timing Analyzer      ; 00:00:14     ; 1.8                     ; 5568 MB             ; 00:00:24                           ;
; Total                ; 00:03:58     ; --                      ; --                  ; 00:12:19                           ;
+----------------------+--------------+-------------------------+---------------------+------------------------------------+


+------------------------------------------------------------------------------------+
; Flow OS Summary                                                                    ;
+----------------------+------------------+------------+------------+----------------+
; Module Name          ; Machine Hostname ; OS Name    ; OS Version ; Processor type ;
+----------------------+------------------+------------+------------+----------------+
; Analysis & Synthesis ; MPPNB001         ; Windows 10 ; 10.0       ; x86_64         ;
; Fitter               ; MPPNB001         ; Windows 10 ; 10.0       ; x86_64         ;
; Assembler            ; MPPNB001         ; Windows 10 ; 10.0       ; x86_64         ;
; Timing Analyzer      ; MPPNB001         ; Windows 10 ; 10.0       ; x86_64         ;
+----------------------+------------------+------------+------------+----------------+


------------
; Flow Log ;
------------
quartus_map --read_settings_files=on --write_settings_files=off mst_bus -c mst_bus
quartus_fit --read_settings_files=off --write_settings_files=off mst_bus -c mst_bus
quartus_asm --read_settings_files=off --write_settings_files=off mst_bus -c mst_bus
quartus_sta mst_bus -c mst_bus



